<?xml version="1.0" encoding="UTF-8"?>
<!-- Generated by org.testng.reporters.JUnitXMLReporter -->
<testsuite ignored="0" hostname="Aarush" failures="0" tests="4" name="Facebook Signup Test Cases" time="75.126" errors="0" timestamp="30 Aug. 2019 06:51:43 GMT">
  <testcase classname="com.facebooksignup.qa.testcases.SignupPageTest" name="validateFacebookRegistration" time="6.274"/>
  <testcase classname="com.facebooksignup.qa.testcases.SignupPageTest" name="validateFacebookRegistration" time="6.2"/>
  <testcase classname="com.facebooksignup.qa.testcases.SignupPageTest" name="validateFacebookRegistration" time="6.186"/>
  <testcase classname="com.facebooksignup.qa.testcases.SignupPageTest" name="validateFacebookRegistration" time="6.085"/>
</testsuite> <!-- Facebook Signup Test Cases -->
