<?xml version="1.0" encoding="UTF-8"?>
<!-- Generated by org.testng.reporters.JUnitXMLReporter -->
<testsuite ignored="0" hostname="Aarush" failures="0" tests="4" name="Default test" time="76.103" errors="0" timestamp="30 Aug. 2019 06:34:43 GMT">
  <testcase classname="com.facebooksignup.qa.testcases.SignupPageTest" name="validateFacebookRegistration" time="6.185"/>
  <testcase classname="com.facebooksignup.qa.testcases.SignupPageTest" name="validateFacebookRegistration" time="7.109"/>
  <testcase classname="com.facebooksignup.qa.testcases.SignupPageTest" name="validateFacebookRegistration" time="6.197"/>
  <testcase classname="com.facebooksignup.qa.testcases.SignupPageTest" name="validateFacebookRegistration" time="6.11"/>
</testsuite> <!-- Default test -->
