<?xml version="1.0" encoding="UTF-8"?>
<testng-results ignored="0" total="4" passed="4" failed="0" skipped="0">
  <reporter-output>
  </reporter-output>
  <suite started-at="2019-08-30T06:50:28Z" name="Facebook Registration Automation Test suite" finished-at="2019-08-30T06:51:43Z" duration-ms="75126">
    <groups>
    </groups>
    <test started-at="2019-08-30T06:50:28Z" name="Facebook Signup Test Cases" finished-at="2019-08-30T06:51:43Z" duration-ms="75126">
      <class name="com.facebooksignup.qa.testcases.SignupPageTest">
        <test-method is-config="true" signature="setup()[pri:0, instance:com.facebooksignup.qa.testcases.SignupPageTest@6b19b79]" started-at="2019-08-30T06:50:28Z" name="setup" finished-at="2019-08-30T06:50:41Z" duration-ms="12495" status="PASS">
          <reporter-output>
          </reporter-output>
        </test-method> <!-- setup -->
        <test-method signature="validateFacebookRegistration(java.lang.String, java.lang.String, java.lang.String, java.lang.String, java.lang.String, java.lang.String, java.lang.String, java.lang.String)[pri:0, instance:com.facebooksignup.qa.testcases.SignupPageTest@6b19b79]" started-at="2019-08-30T06:50:41Z" name="validateFacebookRegistration" data-provider="getFacebookRegistrationTestData" finished-at="2019-08-30T06:50:47Z" duration-ms="6274" status="PASS">
          <params>
            <param index="0">
              <value>
                <![CDATA[Mark Alcfjfchfcfbb]]>
              </value>
            </param>
            <param index="1">
              <value>
                <![CDATA[Shepardman]]>
              </value>
            </param>
            <param index="2">
              <value>
                <![CDATA[beufbaiyku_1556626428@tfbnw.net]]>
              </value>
            </param>
            <param index="3">
              <value>
                <![CDATA[Zaq12wsx]]>
              </value>
            </param>
            <param index="4">
              <value>
                <![CDATA[10]]>
              </value>
            </param>
            <param index="5">
              <value>
                <![CDATA[May]]>
              </value>
            </param>
            <param index="6">
              <value>
                <![CDATA[1990]]>
              </value>
            </param>
            <param index="7">
              <value>
                <![CDATA[Male]]>
              </value>
            </param>
          </params>
          <reporter-output>
          </reporter-output>
        </test-method> <!-- validateFacebookRegistration -->
        <test-method is-config="true" signature="setup()[pri:0, instance:com.facebooksignup.qa.testcases.SignupPageTest@6b19b79]" started-at="2019-08-30T06:50:47Z" name="setup" finished-at="2019-08-30T06:51:00Z" duration-ms="12487" status="PASS">
          <reporter-output>
          </reporter-output>
        </test-method> <!-- setup -->
        <test-method signature="validateFacebookRegistration(java.lang.String, java.lang.String, java.lang.String, java.lang.String, java.lang.String, java.lang.String, java.lang.String, java.lang.String)[pri:0, instance:com.facebooksignup.qa.testcases.SignupPageTest@6b19b79]" started-at="2019-08-30T06:51:00Z" name="validateFacebookRegistration" data-provider="getFacebookRegistrationTestData" finished-at="2019-08-30T06:51:06Z" duration-ms="6200" status="PASS">
          <params>
            <param index="0">
              <value>
                <![CDATA[Mary Alcfdacbbjibj]]>
              </value>
            </param>
            <param index="1">
              <value>
                <![CDATA[Bharambesky]]>
              </value>
            </param>
            <param index="2">
              <value>
                <![CDATA[hydquxhakr_1556626432@tfbnw.net]]>
              </value>
            </param>
            <param index="3">
              <value>
                <![CDATA[Zaq12wsx]]>
              </value>
            </param>
            <param index="4">
              <value>
                <![CDATA[12]]>
              </value>
            </param>
            <param index="5">
              <value>
                <![CDATA[Apr]]>
              </value>
            </param>
            <param index="6">
              <value>
                <![CDATA[1993]]>
              </value>
            </param>
            <param index="7">
              <value>
                <![CDATA[Female]]>
              </value>
            </param>
          </params>
          <reporter-output>
          </reporter-output>
        </test-method> <!-- validateFacebookRegistration -->
        <test-method is-config="true" signature="setup()[pri:0, instance:com.facebooksignup.qa.testcases.SignupPageTest@6b19b79]" started-at="2019-08-30T06:51:06Z" name="setup" finished-at="2019-08-30T06:51:18Z" duration-ms="12070" status="PASS">
          <reporter-output>
          </reporter-output>
        </test-method> <!-- setup -->
        <test-method signature="validateFacebookRegistration(java.lang.String, java.lang.String, java.lang.String, java.lang.String, java.lang.String, java.lang.String, java.lang.String, java.lang.String)[pri:0, instance:com.facebooksignup.qa.testcases.SignupPageTest@6b19b79]" started-at="2019-08-30T06:51:18Z" name="validateFacebookRegistration" data-provider="getFacebookRegistrationTestData" finished-at="2019-08-30T06:51:24Z" duration-ms="6186" status="PASS">
          <params>
            <param index="0">
              <value>
                <![CDATA[Abigail Alcfbfabejadj]]>
              </value>
            </param>
            <param index="1">
              <value>
                <![CDATA[Fergiestein]]>
              </value>
            </param>
            <param index="2">
              <value>
                <![CDATA[lsdibtzpjj_1556626430@tfbnw.net]]>
              </value>
            </param>
            <param index="3">
              <value>
                <![CDATA[Zaq12wsx]]>
              </value>
            </param>
            <param index="4">
              <value>
                <![CDATA[15]]>
              </value>
            </param>
            <param index="5">
              <value>
                <![CDATA[Mar]]>
              </value>
            </param>
            <param index="6">
              <value>
                <![CDATA[1982]]>
              </value>
            </param>
            <param index="7">
              <value>
                <![CDATA[Male]]>
              </value>
            </param>
          </params>
          <reporter-output>
          </reporter-output>
        </test-method> <!-- validateFacebookRegistration -->
        <test-method is-config="true" signature="setup()[pri:0, instance:com.facebooksignup.qa.testcases.SignupPageTest@6b19b79]" started-at="2019-08-30T06:51:24Z" name="setup" finished-at="2019-08-30T06:51:36Z" duration-ms="12105" status="PASS">
          <reporter-output>
          </reporter-output>
        </test-method> <!-- setup -->
        <test-method signature="validateFacebookRegistration(java.lang.String, java.lang.String, java.lang.String, java.lang.String, java.lang.String, java.lang.String, java.lang.String, java.lang.String)[pri:0, instance:com.facebooksignup.qa.testcases.SignupPageTest@6b19b79]" started-at="2019-08-30T06:51:36Z" name="validateFacebookRegistration" data-provider="getFacebookRegistrationTestData" finished-at="2019-08-30T06:51:42Z" duration-ms="6085" status="PASS">
          <params>
            <param index="0">
              <value>
                <![CDATA[Michael Alcfjhicfabec]]>
              </value>
            </param>
            <param index="1">
              <value>
                <![CDATA[Goldmansky]]>
              </value>
            </param>
            <param index="2">
              <value>
                <![CDATA[orwpstmnqw_1556626425@tfbnw.net]]>
              </value>
            </param>
            <param index="3">
              <value>
                <![CDATA[Zaq12wsx]]>
              </value>
            </param>
            <param index="4">
              <value>
                <![CDATA[11]]>
              </value>
            </param>
            <param index="5">
              <value>
                <![CDATA[Aug]]>
              </value>
            </param>
            <param index="6">
              <value>
                <![CDATA[1991]]>
              </value>
            </param>
            <param index="7">
              <value>
                <![CDATA[Male]]>
              </value>
            </param>
          </params>
          <reporter-output>
          </reporter-output>
        </test-method> <!-- validateFacebookRegistration -->
        <test-method is-config="true" signature="tearDown()[pri:0, instance:com.facebooksignup.qa.testcases.SignupPageTest@6b19b79]" started-at="2019-08-30T06:51:42Z" name="tearDown" finished-at="2019-08-30T06:51:43Z" duration-ms="796" status="PASS">
          <reporter-output>
          </reporter-output>
        </test-method> <!-- tearDown -->
      </class> <!-- com.facebooksignup.qa.testcases.SignupPageTest -->
    </test> <!-- Facebook Signup Test Cases -->
  </suite> <!-- Facebook Registration Automation Test suite -->
</testng-results>
